# JRE version: OpenJDK Runtime Environment Temurin-17.0.7+7 (17.0.7+7) (build 17.0.7+7)
# Java VM: OpenJDK 64-Bit Server VM Temurin-17.0.7+7 (17.0.7+7, mixed mode, sharing, tiered, compressed oops, compressed class ptrs, g1 gc, windows-amd64)
GC Precious Log:
 CPUs: 8 total, 8 available
 Memory: 8092M
 Large Page Support: Disabled
 NUMA Support: Disabled
 Compressed Oops: Enabled (Zero based)
 Heap Region Size: 2M
 Heap Min Capacity: 512M
 Heap Initial Capacity: 512M
 Heap Max Capacity: 4072M
 Pre-touch: Disabled
 Parallel Workers: 8
 Concurrent Workers: 2
 Concurrent Refinement Workers: 8
 Periodic GC: Disabled
 String Deduplication is enabled
Heap:
 garbage-first heap   total 524288K, used 106763K [0x0000000701800000, 0x0000000800000000)
  region size 2048K, 13 young (26624K), 2 survivors (4096K)
 Metaspace       used 81219K, committed 81856K, reserved 1179648K
  class space    used 11199K, committed 11520K, reserved 1048576K
GC Heap History (20 events):
Event: 649.964 GC heap before
{Heap before GC invocations=57 (full 3):
 garbage-first heap   total 524288K, used 164648K [0x0000000701800000, 0x0000000800000000)
  region size 2048K, 40 young (81920K), 3 survivors (6144K)
 Metaspace       used 80858K, committed 81472K, reserved 1179648K
  class space    used 11193K, committed 11520K, reserved 1048576K
}
Event: 649.970 GC heap after
{Heap after GC invocations=58 (full 3):
 garbage-first heap   total 524288K, used 88941K [0x0000000701800000, 0x0000000800000000)
  region size 2048K, 3 young (6144K), 3 survivors (6144K)
 Metaspace       used 80858K, committed 81472K, reserved 1179648K
  class space    used 11193K, committed 11520K, reserved 1048576K
}
Event: 657.717 GC heap before
{Heap before GC invocations=58 (full 3):
 garbage-first heap   total 524288K, used 164717K [0x0000000701800000, 0x0000000800000000)
  region size 2048K, 40 young (81920K), 3 survivors (6144K)
 Metaspace       used 80934K, committed 81600K, reserved 1179648K
  class space    used 11199K, committed 11520K, reserved 1048576K
}
Event: 657.724 GC heap after
{Heap after GC invocations=59 (full 3):
 garbage-first heap   total 524288K, used 89030K [0x0000000701800000, 0x0000000800000000)
  region size 2048K, 3 young (6144K), 3 survivors (6144K)
 Metaspace       used 80934K, committed 81600K, reserved 1179648K
  class space    used 11199K, committed 11520K, reserved 1048576K
}
Event: 814.239 GC heap before
{Heap before GC invocations=59 (full 3):
 garbage-first heap   total 524288K, used 164806K [0x0000000701800000, 0x0000000800000000)
  region size 2048K, 40 young (81920K), 3 survivors (6144K)
 Metaspace       used 80960K, committed 81600K, reserved 1179648K
  class space    used 11199K, committed 11520K, reserved 1048576K
}
Event: 814.246 GC heap after
{Heap after GC invocations=60 (full 3):
 garbage-first heap   total 524288K, used 88786K [0x0000000701800000, 0x0000000800000000)
  region size 2048K, 2 young (4096K), 2 survivors (4096K)
 Metaspace       used 80960K, committed 81600K, reserved 1179648K
  class space    used 11199K, committed 11520K, reserved 1048576K
}
Event: 915.572 GC heap before
{Heap before GC invocations=60 (full 3):
 garbage-first heap   total 524288K, used 166610K [0x0000000701800000, 0x0000000800000000)
  region size 2048K, 40 young (81920K), 2 survivors (4096K)
 Metaspace       used 80999K, committed 81664K, reserved 1179648K
  class space    used 11199K, committed 11520K, reserved 1048576K
}
Event: 915.579 GC heap after
{Heap after GC invocations=61 (full 3):
 garbage-first heap   total 524288K, used 89082K [0x0000000701800000, 0x0000000800000000)
  region size 2048K, 3 young (6144K), 3 survivors (6144K)
 Metaspace       used 80999K, committed 81664K, reserved 1179648K
  class space    used 11199K, committed 11520K, reserved 1048576K
}
Event: 941.647 GC heap before
{Heap before GC invocations=61 (full 3):
 garbage-first heap   total 524288K, used 164858K [0x0000000701800000, 0x0000000800000000)
  region size 2048K, 40 young (81920K), 3 survivors (6144K)
 Metaspace       used 81092K, committed 81664K, reserved 1179648K
  class space    used 11199K, committed 11520K, reserved 1048576K
}
Event: 941.654 GC heap after
{Heap after GC invocations=62 (full 3):
 garbage-first heap   total 524288K, used 90405K [0x0000000701800000, 0x0000000800000000)
  region size 2048K, 3 young (6144K), 3 survivors (6144K)
 Metaspace       used 81092K, committed 81664K, reserved 1179648K
  class space    used 11199K, committed 11520K, reserved 1048576K
}
Event: 948.085 GC heap before
{Heap before GC invocations=62 (full 3):
 garbage-first heap   total 524288K, used 166181K [0x0000000701800000, 0x0000000800000000)
  region size 2048K, 40 young (81920K), 3 survivors (6144K)
 Metaspace       used 81121K, committed 81792K, reserved 1179648K
  class space    used 11199K, committed 11520K, reserved 1048576K
}
Event: 948.093 GC heap after
{Heap after GC invocations=63 (full 3):
 garbage-first heap   total 524288K, used 88937K [0x0000000701800000, 0x0000000800000000)
  region size 2048K, 2 young (4096K), 2 survivors (4096K)
 Metaspace       used 81121K, committed 81792K, reserved 1179648K
  class space    used 11199K, committed 11520K, reserved 1048576K
}
Event: 952.406 GC heap before
{Heap before GC invocations=63 (full 3):
 garbage-first heap   total 524288K, used 166761K [0x0000000701800000, 0x0000000800000000)
  region size 2048K, 40 young (81920K), 2 survivors (4096K)
 Metaspace       used 81130K, committed 81792K, reserved 1179648K
  class space    used 11199K, committed 11520K, reserved 1048576K
}
Event: 952.412 GC heap after
{Heap after GC invocations=64 (full 3):
 garbage-first heap   total 524288K, used 89088K [0x0000000701800000, 0x0000000800000000)
  region size 2048K, 2 young (4096K), 2 survivors (4096K)
 Metaspace       used 81130K, committed 81792K, reserved 1179648K
  class space    used 11199K, committed 11520K, reserved 1048576K
}
Event: 960.216 GC heap before
{Heap before GC invocations=64 (full 3):
 garbage-first heap   total 524288K, used 154624K [0x0000000701800000, 0x0000000800000000)
  region size 2048K, 35 young (71680K), 2 survivors (4096K)
 Metaspace       used 81145K, committed 81792K, reserved 1179648K
  class space    used 11199K, committed 11520K, reserved 1048576K
}
Event: 960.327 GC heap after
{Heap after GC invocations=65 (full 4):
 garbage-first heap   total 524288K, used 84001K [0x0000000701800000, 0x0000000800000000)
  region size 2048K, 0 young (0K), 0 survivors (0K)
 Metaspace       used 81145K, committed 81792K, reserved 1179648K
  class space    used 11199K, committed 11520K, reserved 1048576K
}
Event: 966.096 GC heap before
{Heap before GC invocations=65 (full 4):
 garbage-first heap   total 524288K, used 165921K [0x0000000701800000, 0x0000000800000000)
  region size 2048K, 40 young (81920K), 0 survivors (0K)
 Metaspace       used 81166K, committed 81792K, reserved 1179648K
  class space    used 11199K, committed 11520K, reserved 1048576K
}
Event: 966.101 GC heap after
{Heap after GC invocations=66 (full 4):
 garbage-first heap   total 524288K, used 85833K [0x0000000701800000, 0x0000000800000000)
  region size 2048K, 1 young (2048K), 1 survivors (2048K)
 Metaspace       used 81166K, committed 81792K, reserved 1179648K
  class space    used 11199K, committed 11520K, reserved 1048576K
}
Event: 972.164 GC heap before
{Heap before GC invocations=66 (full 4):
 garbage-first heap   total 524288K, used 165705K [0x0000000701800000, 0x0000000800000000)
  region size 2048K, 40 young (81920K), 1 survivors (2048K)
 Metaspace       used 81208K, committed 81856K, reserved 1179648K
  class space    used 11199K, committed 11520K, reserved 1048576K
}
Event: 972.170 GC heap after
{Heap after GC invocations=67 (full 4):
 garbage-first heap   total 524288K, used 86283K [0x0000000701800000, 0x0000000800000000)
  region size 2048K, 2 young (4096K), 2 survivors (4096K)
 Metaspace       used 81208K, committed 81856K, reserved 1179648K
  class space    used 11199K, committed 11520K, reserved 1048576K
}

